2015-10-02 05:09:38,476 [INFO] -----------------------Starting build-----------------------
2015-10-02 05:09:38,539 [INFO] Running configSets: _OnInstanceBoot
2015-10-02 05:09:38,540 [INFO] Running configSet _OnInstanceBoot
2015-10-02 05:09:38,549 [INFO] Running config AWSEBBaseConfig
2015-10-02 05:09:38,568 [INFO] Command clearbackupfiles succeeded
2015-10-02 05:09:38,597 [INFO] Running config AWSEBMessageOfTheDay
2015-10-02 05:09:38,613 [INFO] Command 01clearoriginal succeeded
2015-10-02 05:09:38,630 [INFO] Command 02createbanner succeeded
2015-10-02 05:09:38,672 [INFO] Command 03updatebanner succeeded
2015-10-02 05:09:38,802 [INFO] Running config AWSEBULimitConfig
2015-10-02 05:09:38,827 [INFO] Command 00createlimitfile succeeded
2015-10-02 05:09:38,847 [INFO] Running config Infra-InstallBaseHooksPkg
2015-10-02 05:09:38,863 [INFO] Command 00mkdir succeeded
2015-10-02 05:09:39,067 [INFO] Command 01download_base_hooks succeeded
2015-10-02 05:09:39,121 [INFO] Command 02install_base_hooks succeeded
2015-10-02 05:09:39,136 [INFO] Command 03cleanup succeeded
2015-10-02 05:09:39,159 [INFO] Running config Infra-InstallContainerHooksPkg
2015-10-02 05:09:39,175 [INFO] Command 00mkdir succeeded
2015-10-02 05:09:39,403 [INFO] Command 01download_container_hooks succeeded
2015-10-02 05:09:39,427 [INFO] Command 02install_container_hooks succeeded
2015-10-02 05:09:39,441 [INFO] Command 03cleanup succeeded
2015-10-02 05:09:39,458 [INFO] Running config Infra-WriteLeaderTestScript
2015-10-02 05:09:39,470 [INFO] Running config AWSEBLockCfnBootstap
2015-10-02 05:09:39,486 [INFO] Command add_lock succeeded
2015-10-02 05:09:39,592 [INFO] Running config Infra-WriteTailLogsConf
2015-10-02 05:09:39,610 [INFO] Running config Infra-WriteSystemTailLogsConf
2015-10-02 05:09:39,626 [INFO] Running config Infra-WriteBundleLogsConf
2015-10-02 05:09:39,634 [INFO] Running config Infra-WritePublishLogsConf
2015-10-02 05:09:39,640 [INFO] Running config Infra-WritePublishLogsCron
2015-10-02 05:09:39,644 [INFO] ConfigSets completed
2015-10-02 05:09:39,656 [INFO] -----------------------Build complete-----------------------
2015-10-02 05:09:42,402 [INFO] -----------------------Starting build-----------------------
2015-10-02 05:09:42,450 [INFO] Running configSets: Infra-WriteApplication2
2015-10-02 05:09:42,451 [INFO] Running configSet Infra-WriteApplication2
2015-10-02 05:09:42,453 [INFO] Running config Infra-WriteApplication2
2015-10-02 05:09:44,393 [INFO] Command 01downloadVersion succeeded
2015-10-02 05:09:44,408 [INFO] Command 02deleteVersionDownloadScriptFile succeeded
2015-10-02 05:09:44,414 [INFO] ConfigSets completed
2015-10-02 05:09:44,429 [INFO] -----------------------Build complete-----------------------
2015-10-02 05:10:08,733 [INFO] -----------------------Starting build-----------------------
2015-10-02 05:10:08,786 [INFO] Running configSets: Infra-EmbeddedPreBuild
2015-10-02 05:10:08,787 [INFO] Running configSet Infra-EmbeddedPreBuild
2015-10-02 05:10:08,787 [INFO] ConfigSets completed
2015-10-02 05:10:08,797 [INFO] -----------------------Build complete-----------------------
2015-10-02 05:10:14,621 [INFO] -----------------------Starting build-----------------------
2015-10-02 05:10:14,652 [INFO] Running configSets: Infra-EmbeddedPostBuild
2015-10-02 05:10:14,653 [INFO] Running configSet Infra-EmbeddedPostBuild
2015-10-02 05:10:14,654 [INFO] ConfigSets completed
2015-10-02 05:10:14,670 [INFO] -----------------------Build complete-----------------------
