2015-10-02 05:09:38,541 P1480 [INFO] ************************************************************
2015-10-02 05:09:38,541 P1480 [INFO] ConfigSet _OnInstanceBoot
2015-10-02 05:09:38,550 P1480 [INFO] ++++++++++++++++++++++++++++++++++++++++++++++++++++++++++++
2015-10-02 05:09:38,550 P1480 [INFO] Config AWSEBBaseConfig
2015-10-02 05:09:38,553 P1480 [INFO] ============================================================
2015-10-02 05:09:38,554 P1480 [INFO] Command clearbackupfiles
2015-10-02 05:09:38,568 P1480 [INFO] Completed successfully.
2015-10-02 05:09:38,597 P1480 [INFO] ++++++++++++++++++++++++++++++++++++++++++++++++++++++++++++
2015-10-02 05:09:38,597 P1480 [INFO] Config AWSEBMessageOfTheDay
2015-10-02 05:09:38,598 P1480 [INFO] ============================================================
2015-10-02 05:09:38,598 P1480 [INFO] Command 01clearoriginal
2015-10-02 05:09:38,612 P1480 [INFO] Completed successfully.
2015-10-02 05:09:38,613 P1480 [INFO] ============================================================
2015-10-02 05:09:38,614 P1480 [INFO] Command 02createbanner
2015-10-02 05:09:38,629 P1480 [INFO] Completed successfully.
2015-10-02 05:09:38,630 P1480 [INFO] ============================================================
2015-10-02 05:09:38,630 P1480 [INFO] Command 03updatebanner
2015-10-02 05:09:38,671 P1480 [INFO] Completed successfully.
2015-10-02 05:09:38,802 P1480 [INFO] ++++++++++++++++++++++++++++++++++++++++++++++++++++++++++++
2015-10-02 05:09:38,802 P1480 [INFO] Config AWSEBULimitConfig
2015-10-02 05:09:38,803 P1480 [INFO] ============================================================
2015-10-02 05:09:38,803 P1480 [INFO] Command 00createlimitfile
2015-10-02 05:09:38,824 P1480 [INFO] -----------------------Command Output-----------------------
2015-10-02 05:09:38,825 P1480 [INFO] 	++ cat /proc/sys/fs/file-max
2015-10-02 05:09:38,825 P1480 [INFO] 	+ FILES_MAX=55959
2015-10-02 05:09:38,825 P1480 [INFO] 	+ [[ ! 55959 =~ ^[0-9]+$ ]]
2015-10-02 05:09:38,826 P1480 [INFO] 	+ let USER_LIMIT=55959/3
2015-10-02 05:09:38,826 P1480 [INFO] 	+ '[' 18653 -lt 4096 ']'
2015-10-02 05:09:38,826 P1480 [INFO] 	+ '[' 18653 -gt 200000 ']'
2015-10-02 05:09:38,826 P1480 [INFO] 	+ cat
2015-10-02 05:09:38,826 P1480 [INFO] ------------------------------------------------------------
2015-10-02 05:09:38,826 P1480 [INFO] Completed successfully.
2015-10-02 05:09:38,847 P1480 [INFO] ++++++++++++++++++++++++++++++++++++++++++++++++++++++++++++
2015-10-02 05:09:38,847 P1480 [INFO] Config Infra-InstallBaseHooksPkg
2015-10-02 05:09:38,848 P1480 [INFO] ============================================================
2015-10-02 05:09:38,848 P1480 [INFO] Command 00mkdir
2015-10-02 05:09:38,862 P1480 [INFO] Completed successfully.
2015-10-02 05:09:38,864 P1480 [INFO] ============================================================
2015-10-02 05:09:38,864 P1480 [INFO] Command 01download_base_hooks
2015-10-02 05:09:39,066 P1480 [INFO] Completed successfully.
2015-10-02 05:09:39,068 P1480 [INFO] ============================================================
2015-10-02 05:09:39,068 P1480 [INFO] Command 02install_base_hooks
2015-10-02 05:09:39,120 P1480 [INFO] Completed successfully.
2015-10-02 05:09:39,122 P1480 [INFO] ============================================================
2015-10-02 05:09:39,122 P1480 [INFO] Command 03cleanup
2015-10-02 05:09:39,135 P1480 [INFO] Completed successfully.
2015-10-02 05:09:39,160 P1480 [INFO] ++++++++++++++++++++++++++++++++++++++++++++++++++++++++++++
2015-10-02 05:09:39,160 P1480 [INFO] Config Infra-InstallContainerHooksPkg
2015-10-02 05:09:39,160 P1480 [INFO] ============================================================
2015-10-02 05:09:39,161 P1480 [INFO] Command 00mkdir
2015-10-02 05:09:39,174 P1480 [INFO] Completed successfully.
2015-10-02 05:09:39,176 P1480 [INFO] ============================================================
2015-10-02 05:09:39,176 P1480 [INFO] Command 01download_container_hooks
2015-10-02 05:09:39,402 P1480 [INFO] Completed successfully.
2015-10-02 05:09:39,404 P1480 [INFO] ============================================================
2015-10-02 05:09:39,404 P1480 [INFO] Command 02install_container_hooks
2015-10-02 05:09:39,426 P1480 [INFO] Completed successfully.
2015-10-02 05:09:39,427 P1480 [INFO] ============================================================
2015-10-02 05:09:39,427 P1480 [INFO] Command 03cleanup
2015-10-02 05:09:39,440 P1480 [INFO] Completed successfully.
2015-10-02 05:09:39,458 P1480 [INFO] ++++++++++++++++++++++++++++++++++++++++++++++++++++++++++++
2015-10-02 05:09:39,459 P1480 [INFO] Config Infra-WriteLeaderTestScript
2015-10-02 05:09:39,471 P1480 [INFO] ++++++++++++++++++++++++++++++++++++++++++++++++++++++++++++
2015-10-02 05:09:39,471 P1480 [INFO] Config AWSEBLockCfnBootstap
2015-10-02 05:09:39,471 P1480 [INFO] ============================================================
2015-10-02 05:09:39,471 P1480 [INFO] Command add_lock
2015-10-02 05:09:39,485 P1480 [INFO] Completed successfully.
2015-10-02 05:09:39,592 P1480 [INFO] ++++++++++++++++++++++++++++++++++++++++++++++++++++++++++++
2015-10-02 05:09:39,593 P1480 [INFO] Config Infra-WriteTailLogsConf
2015-10-02 05:09:39,610 P1480 [INFO] ++++++++++++++++++++++++++++++++++++++++++++++++++++++++++++
2015-10-02 05:09:39,610 P1480 [INFO] Config Infra-WriteSystemTailLogsConf
2015-10-02 05:09:39,626 P1480 [INFO] ++++++++++++++++++++++++++++++++++++++++++++++++++++++++++++
2015-10-02 05:09:39,626 P1480 [INFO] Config Infra-WriteBundleLogsConf
2015-10-02 05:09:39,634 P1480 [INFO] ++++++++++++++++++++++++++++++++++++++++++++++++++++++++++++
2015-10-02 05:09:39,634 P1480 [INFO] Config Infra-WritePublishLogsConf
2015-10-02 05:09:39,640 P1480 [INFO] ++++++++++++++++++++++++++++++++++++++++++++++++++++++++++++
2015-10-02 05:09:39,640 P1480 [INFO] Config Infra-WritePublishLogsCron
2015-10-02 05:09:42,451 P1559 [INFO] ************************************************************
2015-10-02 05:09:42,452 P1559 [INFO] ConfigSet Infra-WriteApplication2
2015-10-02 05:09:42,453 P1559 [INFO] ++++++++++++++++++++++++++++++++++++++++++++++++++++++++++++
2015-10-02 05:09:42,453 P1559 [INFO] Config Infra-WriteApplication2
2015-10-02 05:09:42,506 P1559 [INFO] ============================================================
2015-10-02 05:09:42,506 P1559 [INFO] Command 01downloadVersion
2015-10-02 05:09:44,392 P1559 [INFO] Completed successfully.
2015-10-02 05:09:44,393 P1559 [INFO] ============================================================
2015-10-02 05:09:44,393 P1559 [INFO] Command 02deleteVersionDownloadScriptFile
2015-10-02 05:09:44,407 P1559 [INFO] Completed successfully.
2015-10-02 05:10:08,787 P1681 [INFO] ************************************************************
2015-10-02 05:10:08,787 P1681 [INFO] ConfigSet Infra-EmbeddedPreBuild
2015-10-02 05:10:14,654 P1722 [INFO] ************************************************************
2015-10-02 05:10:14,654 P1722 [INFO] ConfigSet Infra-EmbeddedPostBuild
